<?xml version="1.0" encoding="UTF-8"?>
<!-- Generated by org.testng.reporters.JUnitReportReporter -->
<testsuite hostname="lenovo-PC" failures="0" tests="1" name="AutomationTestCases.AutomationTestCase1_ClickRestaurantOrderTheFoodTest" time="6.998" errors="0" timestamp="2022-09-22T10:57:26 IST" skipped="0">
  <testcase classname="AutomationTestCases.AutomationTestCase1_ClickRestaurantOrderTheFoodTest" name="TestCase1Test" time="6.998"/>
  <system-out/>
</testsuite> <!-- AutomationTestCases.AutomationTestCase1_ClickRestaurantOrderTheFoodTest -->
