<?xml version="1.0" encoding="UTF-8"?>
<!-- Generated by org.testng.reporters.JUnitReportReporter -->
<testsuite hostname="lenovo-PC" failures="0" tests="1" name="org.doordash.testcases.AutomationTestCase1_ClickRestaurantOrderTheFoodTest" time="8.621" errors="0" timestamp="2022-09-22T12:01:11 IST" skipped="0">
  <testcase classname="org.doordash.testcases.AutomationTestCase1_ClickRestaurantOrderTheFoodTest" name="TestCase1Test" time="8.621"/>
  <system-out/>
</testsuite> <!-- org.doordash.testcases.AutomationTestCase1_ClickRestaurantOrderTheFoodTest -->
