<?xml version="1.0" encoding="UTF-8"?>
<!-- Generated by org.testng.reporters.JUnitReportReporter -->
<testsuite hostname="Manoj" failures="0" tests="1" name="org.sdet40.genericUtility.AddResturantTestCaseTest" time="15.466" errors="0" timestamp="2022-09-22T14:24:12 IST" skipped="0">
  <testcase classname="org.sdet40.genericUtility.AddResturantTestCaseTest" name="AddResturantTest" time="15.466"/>
  <system-out/>
</testsuite> <!-- org.sdet40.genericUtility.AddResturantTestCaseTest -->
