<?xml version="1.0" encoding="UTF-8"?>
<!-- Generated by org.testng.reporters.JUnitReportReporter -->
<testsuite hostname="pc" failures="0" tests="1" name="org.doordash.testcases.AddDishCartTest1" time="14.295" errors="0" timestamp="2022-09-22T16:16:06 IST" skipped="0">
  <testcase classname="org.doordash.testcases.AddDishCartTest1" name="addDishCartTest1" time="14.295"/>
  <system-out/>
</testsuite> <!-- org.doordash.testcases.AddDishCartTest1 -->
